{"run_started":"2025-08-22T04:56:12.270624936+00:00","worker_threads":10,"timeout_secs":5,"max_retries":2}
{"response_time_ms":40,"status":403,"timestamp":"2025-08-22T04:56:12.314071889+00:00","url":"https://www.reddit.com"}
{"response_time_ms":62,"status":200,"timestamp":"2025-08-22T04:56:12.334328540+00:00","url":"https://www.wikipedia.org"}
{"response_time_ms":77,"status":200,"timestamp":"2025-08-22T04:56:12.349029297+00:00","url":"https://www.google.com"}
{"response_time_ms":120,"status":200,"timestamp":"2025-08-22T04:56:12.393571938+00:00","url":"https://www.apple.com"}
{"response_time_ms":172,"status":200,"timestamp":"2025-08-22T04:56:12.446905172+00:00","url":"https://www.youtube.com"}
{"response_time_ms":214,"status":200,"timestamp":"2025-08-22T04:56:12.488425608+00:00","url":"https://www.microsoft.com"}
{"response_time_ms":42,"status":200,"timestamp":"2025-08-22T04:56:12.489563248+00:00","url":"https://www.bbc.com"}
{"response_time_ms":192,"status":200,"timestamp":"2025-08-22T04:56:12.527119563+00:00","url":"https://www.linkedin.com"}
{"response_time_ms":58,"status":200,"timestamp":"2025-08-22T04:56:12.546837359+00:00","url":"https://www.cnn.com"}
{"response_time_ms":155,"status":200,"timestamp":"2025-08-22T04:56:12.549229618+00:00","url":"https://www.nytimes.com"}
{"response_time_ms":202,"status":200,"timestamp":"2025-08-22T04:56:12.551627564+00:00","url":"https://www.instagram.com"}
{"response_time_ms":292,"status":200,"timestamp":"2025-08-22T04:56:12.565789216+00:00","url":"https://www.amazon.com"}
{"response_time_ms":30,"status":200,"timestamp":"2025-08-22T04:56:12.582399732+00:00","url":"https://www.nasa.gov"}
{"response_time_ms":43,"status":200,"timestamp":"2025-08-22T04:56:12.590762457+00:00","url":"https://www.forbes.com"}
{"response_time_ms":31,"status":200,"timestamp":"2025-08-22T04:56:12.597074664+00:00","url":"https://www.whitehouse.gov"}
{"response_time_ms":113,"status":200,"timestamp":"2025-08-22T04:56:12.602591973+00:00","url":"https://www.theguardian.com"}
{"response_time_ms":80,"status":401,"timestamp":"2025-08-22T04:56:12.607781154+00:00","url":"https://www.wsj.com"}
{"response_time_ms":342,"status":200,"timestamp":"2025-08-22T04:56:12.614568065+00:00","url":"https://www.github.com"}
{"response_time_ms":352,"status":200,"timestamp":"2025-08-22T04:56:12.624776247+00:00","url":"https://www.stackoverflow.com"}
{"response_time_ms":68,"status":200,"timestamp":"2025-08-22T04:56:12.670715330+00:00","url":"https://www.cdc.gov"}
{"response_time_ms":128,"status":200,"timestamp":"2025-08-22T04:56:12.677452699+00:00","url":"https://www.bloomberg.com"}
{"response_time_ms":31,"status":200,"timestamp":"2025-08-22T04:56:12.709371174+00:00","url":"https://www.harvard.edu"}
{"response_time_ms":397,"status":200,"timestamp":"2025-08-22T04:56:12.711526578+00:00","url":"https://www.twitter.com"}
{"response_time_ms":60,"status":200,"timestamp":"2025-08-22T04:56:12.731284452+00:00","url":"https://www.stanford.edu"}
{"response_time_ms":37,"status":200,"timestamp":"2025-08-22T04:56:12.746843479+00:00","url":"https://www.cam.ac.uk"}
{"response_time_ms":147,"status":200,"timestamp":"2025-08-22T04:56:12.761787228+00:00","url":"https://www.nist.gov"}
{"response_time_ms":71,"status":200,"timestamp":"2025-08-22T04:56:12.783664767+00:00","url":"https://www.ox.ac.uk"}
{"response_time_ms":165,"status":200,"timestamp":"2025-08-22T04:56:12.790624187+00:00","url":"https://www.mit.edu"}
{"response_time_ms":199,"status":200,"timestamp":"2025-08-22T04:56:12.807308724+00:00","url":"https://www.nih.gov"}
{"response_time_ms":49,"status":200,"timestamp":"2025-08-22T04:56:12.811067175+00:00","url":"https://www.yale.edu"}
{"response_time_ms":236,"status":200,"timestamp":"2025-08-22T04:56:12.827707119+00:00","url":"https://www.un.org"}
{"response_time_ms":25,"status":"transport error: https://www.princeton.edu/: Connection Failed: tls connection init failed: invalid peer certificate: UnknownIssuer","timestamp":"2025-08-22T04:56:12.828281991+00:00","url":"https://www.princeton.edu"}
{"response_time_ms":577,"status":200,"timestamp":"2025-08-22T04:56:12.851974622+00:00","url":"https://www.netflix.com"}
{"response_time_ms":47,"status":200,"timestamp":"2025-08-22T04:56:12.858356188+00:00","url":"https://www.mozilla.org"}
{"response_time_ms":268,"status":200,"timestamp":"2025-08-22T04:56:12.866045876+00:00","url":"https://www.who.int"}
{"response_time_ms":39,"status":200,"timestamp":"2025-08-22T04:56:12.868169697+00:00","url":"https://www.python.org"}
{"response_time_ms":100,"status":200,"timestamp":"2025-08-22T04:56:12.884034560+00:00","url":"https://www.caltech.edu"}
{"response_time_ms":90,"status":200,"timestamp":"2025-08-22T04:56:12.897506998+00:00","url":"https://www.torproject.org"}
{"response_time_ms":119,"status":200,"timestamp":"2025-08-22T04:56:12.947715983+00:00","url":"https://www.rust-lang.org"}
{"response_time_ms":240,"status":200,"timestamp":"2025-08-22T04:56:12.971819399+00:00","url":"https://www.berkeley.edu"}
{"response_time_ms":167,"status":200,"timestamp":"2025-08-22T04:56:13.026014289+00:00","url":"https://www.kernel.org"}
{"response_time_ms":245,"status":200,"timestamp":"2025-08-22T04:56:13.035759754+00:00","url":"https://www.chicagobooth.edu"}
{"response_time_ms":199,"status":200,"timestamp":"2025-08-22T04:56:13.066010050+00:00","url":"https://www.debian.org"}
{"response_time_ms":182,"status":200,"timestamp":"2025-08-22T04:56:13.080044382+00:00","url":"https://www.fedoraproject.org"}
{"response_time_ms":171,"status":200,"timestamp":"2025-08-22T04:56:13.143502197+00:00","url":"https://www.freebsd.org"}
{"response_time_ms":296,"status":200,"timestamp":"2025-08-22T04:56:13.148369906+00:00","url":"https://www.gnu.org"}
{"response_time_ms":206,"status":200,"timestamp":"2025-08-22T04:56:13.154339464+00:00","url":"https://www.openbsd.org"}
{"response_time_ms":951,"status":200,"timestamp":"2025-08-22T04:56:13.534076307+00:00","url":"https://www.europa.eu"}
{"response_time_ms":974,"status":200,"timestamp":"2025-08-22T04:56:13.843379713+00:00","url":"https://www.ubuntu.com"}
{"response_time_ms":1133,"status":200,"timestamp":"2025-08-22T04:56:14.346099665+00:00","url":"https://www.archlinux.org"}
{"run_finished":"2025-08-22T04:56:14.346426734+00:00"}
